<?xml version="1.0" encoding="UTF-8"?>
<!-- Generated by org.testng.reporters.JUnitReportReporter -->
<testsuite hostname="mksv-lt-0289.local" failures="0" tests="1" name="runner.TestRunner" time="31.481" errors="0" timestamp="2025-08-11T16:33:38 IST" skipped="0">
  <testcase classname="runner.TestRunner" name="runScenario" time="31.481"/>
</testsuite> <!-- runner.TestRunner -->
