<?xml version="1.0" encoding="UTF-8"?>
<testsuite xmlns:xsi="http://www.w3.org/2001/XMLSchema-instance" xsi:noNamespaceSchemaLocation="https://maven.apache.org/surefire/maven-surefire-plugin/xsd/surefire-test-report-3.0.xsd" version="3.0" name="runner.TestRunner" time="36.89" tests="1" errors="0" skipped="0" failures="0">
  <properties>
    <property name="java.specification.version" value="21"/>
    <property name="sun.jnu.encoding" value="UTF-8"/>
    <property name="java.class.path" value="/Users/aravind.k/Documents/DSA Learing/browserstack_assignment/target/test-classes:/Users/aravind.k/Documents/DSA Learing/browserstack_assignment/target/classes:/Users/aravind.k/.m2/repository/org/seleniumhq/selenium/selenium-java/4.33.0/selenium-java-4.33.0.jar:/Users/aravind.k/.m2/repository/org/seleniumhq/selenium/selenium-api/4.33.0/selenium-api-4.33.0.jar:/Users/aravind.k/.m2/repository/org/jspecify/jspecify/1.0.0/jspecify-1.0.0.jar:/Users/aravind.k/.m2/repository/org/seleniumhq/selenium/selenium-chrome-driver/4.33.0/selenium-chrome-driver-4.33.0.jar:/Users/aravind.k/.m2/repository/com/google/auto/service/auto-service-annotations/1.1.1/auto-service-annotations-1.1.1.jar:/Users/aravind.k/.m2/repository/org/seleniumhq/selenium/selenium-chromium-driver/4.33.0/selenium-chromium-driver-4.33.0.jar:/Users/aravind.k/.m2/repository/org/seleniumhq/selenium/selenium-json/4.33.0/selenium-json-4.33.0.jar:/Users/aravind.k/.m2/repository/org/seleniumhq/selenium/selenium-manager/4.33.0/selenium-manager-4.33.0.jar:/Users/aravind.k/.m2/repository/org/seleniumhq/selenium/selenium-devtools-v135/4.33.0/selenium-devtools-v135-4.33.0.jar:/Users/aravind.k/.m2/repository/org/seleniumhq/selenium/selenium-devtools-v136/4.33.0/selenium-devtools-v136-4.33.0.jar:/Users/aravind.k/.m2/repository/org/seleniumhq/selenium/selenium-devtools-v137/4.33.0/selenium-devtools-v137-4.33.0.jar:/Users/aravind.k/.m2/repository/org/seleniumhq/selenium/selenium-edge-driver/4.33.0/selenium-edge-driver-4.33.0.jar:/Users/aravind.k/.m2/repository/org/seleniumhq/selenium/selenium-firefox-driver/4.33.0/selenium-firefox-driver-4.33.0.jar:/Users/aravind.k/.m2/repository/org/seleniumhq/selenium/selenium-http/4.33.0/selenium-http-4.33.0.jar:/Users/aravind.k/.m2/repository/org/seleniumhq/selenium/selenium-ie-driver/4.33.0/selenium-ie-driver-4.33.0.jar:/Users/aravind.k/.m2/repository/org/seleniumhq/selenium/selenium-remote-driver/4.33.0/selenium-remote-driver-4.33.0.jar:/Users/aravind.k/.m2/repository/io/opentelemetry/opentelemetry-exporter-logging/1.50.0/opentelemetry-exporter-logging-1.50.0.jar:/Users/aravind.k/.m2/repository/io/opentelemetry/opentelemetry-sdk-common/1.50.0/opentelemetry-sdk-common-1.50.0.jar:/Users/aravind.k/.m2/repository/io/opentelemetry/opentelemetry-sdk-extension-autoconfigure-spi/1.50.0/opentelemetry-sdk-extension-autoconfigure-spi-1.50.0.jar:/Users/aravind.k/.m2/repository/io/opentelemetry/opentelemetry-sdk-extension-autoconfigure/1.50.0/opentelemetry-sdk-extension-autoconfigure-1.50.0.jar:/Users/aravind.k/.m2/repository/io/opentelemetry/opentelemetry-sdk-trace/1.50.0/opentelemetry-sdk-trace-1.50.0.jar:/Users/aravind.k/.m2/repository/io/opentelemetry/opentelemetry-sdk/1.50.0/opentelemetry-sdk-1.50.0.jar:/Users/aravind.k/.m2/repository/io/opentelemetry/opentelemetry-sdk-metrics/1.50.0/opentelemetry-sdk-metrics-1.50.0.jar:/Users/aravind.k/.m2/repository/io/opentelemetry/opentelemetry-sdk-logs/1.50.0/opentelemetry-sdk-logs-1.50.0.jar:/Users/aravind.k/.m2/repository/net/bytebuddy/byte-buddy/1.17.5/byte-buddy-1.17.5.jar:/Users/aravind.k/.m2/repository/org/seleniumhq/selenium/selenium-os/4.33.0/selenium-os-4.33.0.jar:/Users/aravind.k/.m2/repository/org/apache/commons/commons-exec/1.4.0/commons-exec-1.4.0.jar:/Users/aravind.k/.m2/repository/org/seleniumhq/selenium/selenium-safari-driver/4.33.0/selenium-safari-driver-4.33.0.jar:/Users/aravind.k/.m2/repository/org/seleniumhq/selenium/selenium-support/4.33.0/selenium-support-4.33.0.jar:/Users/aravind.k/.m2/repository/io/cucumber/cucumber-java/7.23.0/cucumber-java-7.23.0.jar:/Users/aravind.k/.m2/repository/io/cucumber/cucumber-core/7.23.0/cucumber-core-7.23.0.jar:/Users/aravind.k/.m2/repository/io/cucumber/cucumber-gherkin/7.23.0/cucumber-gherkin-7.23.0.jar:/Users/aravind.k/.m2/repository/io/cucumber/cucumber-gherkin-messages/7.23.0/cucumber-gherkin-messages-7.23.0.jar:/Users/aravind.k/.m2/repository/io/cucumber/gherkin/32.1.1/gherkin-32.1.1.jar:/Users/aravind.k/.m2/repository/io/cucumber/messages/27.2.0/messages-27.2.0.jar:/Users/aravind.k/.m2/repository/io/cucumber/testng-xml-formatter/0.3.1/testng-xml-formatter-0.3.1.jar:/Users/aravind.k/.m2/repository/io/cucumber/query/13.5.0/query-13.5.0.jar:/Users/aravind.k/.m2/repository/io/cucumber/tag-expressions/6.1.2/tag-expressions-6.1.2.jar:/Users/aravind.k/.m2/repository/io/cucumber/cucumber-expressions/18.0.1/cucumber-expressions-18.0.1.jar:/Users/aravind.k/.m2/repository/io/cucumber/datatable/7.23.0/datatable-7.23.0.jar:/Users/aravind.k/.m2/repository/io/cucumber/cucumber-plugin/7.23.0/cucumber-plugin-7.23.0.jar:/Users/aravind.k/.m2/repository/io/cucumber/docstring/7.23.0/docstring-7.23.0.jar:/Users/aravind.k/.m2/repository/io/cucumber/html-formatter/21.10.1/html-formatter-21.10.1.jar:/Users/aravind.k/.m2/repository/io/cucumber/junit-xml-formatter/0.7.1/junit-xml-formatter-0.7.1.jar:/Users/aravind.k/.m2/repository/io/cucumber/ci-environment/10.0.1/ci-environment-10.0.1.jar:/Users/aravind.k/.m2/repository/org/apiguardian/apiguardian-api/1.1.2/apiguardian-api-1.1.2.jar:/Users/aravind.k/.m2/repository/io/cucumber/cucumber-testng/7.23.0/cucumber-testng-7.23.0.jar:/Users/aravind.k/.m2/repository/org/testng/testng/7.10.2/testng-7.10.2.jar:/Users/aravind.k/.m2/repository/org/slf4j/slf4j-api/1.7.36/slf4j-api-1.7.36.jar:/Users/aravind.k/.m2/repository/com/beust/jcommander/1.82/jcommander-1.82.jar:/Users/aravind.k/.m2/repository/org/webjars/jquery/3.7.1/jquery-3.7.1.jar:/Users/aravind.k/.m2/repository/ch/qos/logback/logback-classic/1.5.13/logback-classic-1.5.13.jar:/Users/aravind.k/.m2/repository/ch/qos/logback/logback-core/1.5.13/logback-core-1.5.13.jar:/Users/aravind.k/.m2/repository/org/slf4j/slf4j-simple/1.7.36/slf4j-simple-1.7.36.jar:/Users/aravind.k/.m2/repository/org/asynchttpclient/async-http-client/3.0.2/async-http-client-3.0.2.jar:/Users/aravind.k/.m2/repository/io/netty/netty-buffer/4.1.119.Final/netty-buffer-4.1.119.Final.jar:/Users/aravind.k/.m2/repository/io/netty/netty-codec-http/4.1.119.Final/netty-codec-http-4.1.119.Final.jar:/Users/aravind.k/.m2/repository/io/netty/netty-codec/4.1.119.Final/netty-codec-4.1.119.Final.jar:/Users/aravind.k/.m2/repository/io/netty/netty-codec-socks/4.1.119.Final/netty-codec-socks-4.1.119.Final.jar:/Users/aravind.k/.m2/repository/io/netty/netty-handler-proxy/4.1.119.Final/netty-handler-proxy-4.1.119.Final.jar:/Users/aravind.k/.m2/repository/io/netty/netty-common/4.1.119.Final/netty-common-4.1.119.Final.jar:/Users/aravind.k/.m2/repository/io/netty/netty-transport/4.1.119.Final/netty-transport-4.1.119.Final.jar:/Users/aravind.k/.m2/repository/io/netty/netty-resolver/4.1.119.Final/netty-resolver-4.1.119.Final.jar:/Users/aravind.k/.m2/repository/io/netty/netty-handler/4.1.119.Final/netty-handler-4.1.119.Final.jar:/Users/aravind.k/.m2/repository/io/netty/netty-transport-native-unix-common/4.1.119.Final/netty-transport-native-unix-common-4.1.119.Final.jar:/Users/aravind.k/.m2/repository/io/netty/netty-resolver-dns/4.1.119.Final/netty-resolver-dns-4.1.119.Final.jar:/Users/aravind.k/.m2/repository/io/netty/netty-codec-dns/4.1.119.Final/netty-codec-dns-4.1.119.Final.jar:/Users/aravind.k/.m2/repository/com/sun/activation/jakarta.activation/2.0.1/jakarta.activation-2.0.1.jar:/Users/aravind.k/.m2/repository/org/jetbrains/annotations/26.0.2/annotations-26.0.2.jar:/Users/aravind.k/.m2/repository/io/opentelemetry/opentelemetry-api/1.50.0/opentelemetry-api-1.50.0.jar:/Users/aravind.k/.m2/repository/io/opentelemetry/opentelemetry-context/1.50.0/opentelemetry-context-1.50.0.jar:/Users/aravind.k/.m2/repository/io/opentelemetry/semconv/opentelemetry-semconv/1.34.0/opentelemetry-semconv-1.34.0.jar:/Users/aravind.k/.m2/repository/org/languagetool/languagetool-core/6.6/languagetool-core-6.6.jar:/Users/aravind.k/.m2/repository/com/carrotsearch/hppc/0.8.2/hppc-0.8.2.jar:/Users/aravind.k/.m2/repository/com/fasterxml/jackson/core/jackson-databind/2.18.0/jackson-databind-2.18.0.jar:/Users/aravind.k/.m2/repository/com/fasterxml/jackson/core/jackson-annotations/2.18.0/jackson-annotations-2.18.0.jar:/Users/aravind.k/.m2/repository/com/fasterxml/jackson/core/jackson-core/2.18.0/jackson-core-2.18.0.jar:/Users/aravind.k/.m2/repository/com/gitlab/dumonts/hunspell/2.1.2/hunspell-2.1.2.jar:/Users/aravind.k/.m2/repository/net/java/dev/jna/jna-platform/5.12.1/jna-platform-5.12.1.jar:/Users/aravind.k/.m2/repository/net/java/dev/jna/jna/5.12.1/jna-5.12.1.jar:/Users/aravind.k/.m2/repository/com/google/guava/guava/33.3.1-jre/guava-33.3.1-jre.jar:/Users/aravind.k/.m2/repository/com/google/guava/failureaccess/1.0.2/failureaccess-1.0.2.jar:/Users/aravind.k/.m2/repository/com/google/guava/listenablefuture/9999.0-empty-to-avoid-conflict-with-guava/listenablefuture-9999.0-empty-to-avoid-conflict-with-guava.jar:/Users/aravind.k/.m2/repository/com/google/code/findbugs/jsr305/3.0.2/jsr305-3.0.2.jar:/Users/aravind.k/.m2/repository/org/checkerframework/checker-qual/3.43.0/checker-qual-3.43.0.jar:/Users/aravind.k/.m2/repository/com/google/errorprone/error_prone_annotations/2.28.0/error_prone_annotations-2.28.0.jar:/Users/aravind.k/.m2/repository/com/google/j2objc/j2objc-annotations/3.0.0/j2objc-annotations-3.0.0.jar:/Users/aravind.k/.m2/repository/com/google/protobuf/protobuf-java/3.25.5/protobuf-java-3.25.5.jar:/Users/aravind.k/.m2/repository/com/hankcs/aho-corasick-double-array-trie/1.2.2/aho-corasick-double-array-trie-1.2.2.jar:/Users/aravind.k/.m2/repository/com/optimaize/languagedetector/language-detector/0.6/language-detector-0.6.jar:/Users/aravind.k/.m2/repository/net/arnx/jsonic/1.2.11/jsonic-1.2.11.jar:/Users/aravind.k/.m2/repository/com/intellij/annotations/12.0/annotations-12.0.jar:/Users/aravind.k/.m2/repository/commons-logging/commons-logging/1.3.4/commons-logging-1.3.4.jar:/Users/aravind.k/.m2/repository/commons-validator/commons-validator/1.9.0/commons-validator-1.9.0.jar:/Users/aravind.k/.m2/repository/commons-digester/commons-digester/2.1/commons-digester-2.1.jar:/Users/aravind.k/.m2/repository/io/github/resilience4j/resilience4j-circuitbreaker/1.7.1/resilience4j-circuitbreaker-1.7.1.jar:/Users/aravind.k/.m2/repository/io/vavr/vavr/0.10.2/vavr-0.10.2.jar:/Users/aravind.k/.m2/repository/io/vavr/vavr-match/0.10.2/vavr-match-0.10.2.jar:/Users/aravind.k/.m2/repository/io/github/resilience4j/resilience4j-core/1.7.1/resilience4j-core-1.7.1.jar:/Users/aravind.k/.m2/repository/io/github/resilience4j/resilience4j-micrometer/1.7.1/resilience4j-micrometer-1.7.1.jar:/Users/aravind.k/.m2/repository/io/opentelemetry/opentelemetry-semconv/1.30.1-alpha/opentelemetry-semconv-1.30.1-alpha.jar:/Users/aravind.k/.m2/repository/io/grpc/grpc-netty-shaded/1.68.0/grpc-netty-shaded-1.68.0.jar:/Users/aravind.k/.m2/repository/io/grpc/grpc-util/1.68.0/grpc-util-1.68.0.jar:/Users/aravind.k/.m2/repository/io/grpc/grpc-core/1.68.0/grpc-core-1.68.0.jar:/Users/aravind.k/.m2/repository/com/google/code/gson/gson/2.11.0/gson-2.11.0.jar:/Users/aravind.k/.m2/repository/com/google/android/annotations/4.1.1.4/annotations-4.1.1.4.jar:/Users/aravind.k/.m2/repository/io/grpc/grpc-context/1.68.0/grpc-context-1.68.0.jar:/Users/aravind.k/.m2/repository/io/perfmark/perfmark-api/0.27.0/perfmark-api-0.27.0.jar:/Users/aravind.k/.m2/repository/io/grpc/grpc-api/1.68.0/grpc-api-1.68.0.jar:/Users/aravind.k/.m2/repository/io/grpc/grpc-protobuf/1.68.0/grpc-protobuf-1.68.0.jar:/Users/aravind.k/.m2/repository/com/google/api/grpc/proto-google-common-protos/2.41.0/proto-google-common-protos-2.41.0.jar:/Users/aravind.k/.m2/repository/io/grpc/grpc-protobuf-lite/1.68.0/grpc-protobuf-lite-1.68.0.jar:/Users/aravind.k/.m2/repository/io/grpc/grpc-stub/1.68.0/grpc-stub-1.68.0.jar:/Users/aravind.k/.m2/repository/io/micrometer/micrometer-registry-prometheus/1.7.12/micrometer-registry-prometheus-1.7.12.jar:/Users/aravind.k/.m2/repository/io/micrometer/micrometer-core/1.7.12/micrometer-core-1.7.12.jar:/Users/aravind.k/.m2/repository/org/hdrhistogram/HdrHistogram/2.1.12/HdrHistogram-2.1.12.jar:/Users/aravind.k/.m2/repository/org/latencyutils/LatencyUtils/2.0.3/LatencyUtils-2.0.3.jar:/Users/aravind.k/.m2/repository/io/prometheus/simpleclient_common/0.10.0/simpleclient_common-0.10.0.jar:/Users/aravind.k/.m2/repository/io/prometheus/simpleclient/0.16.0/simpleclient-0.16.0.jar:/Users/aravind.k/.m2/repository/io/prometheus/simpleclient_tracer_otel/0.16.0/simpleclient_tracer_otel-0.16.0.jar:/Users/aravind.k/.m2/repository/io/prometheus/simpleclient_tracer_common/0.16.0/simpleclient_tracer_common-0.16.0.jar:/Users/aravind.k/.m2/repository/io/prometheus/simpleclient_tracer_otel_agent/0.16.0/simpleclient_tracer_otel_agent-0.16.0.jar:/Users/aravind.k/.m2/repository/io/prometheus/simpleclient_guava/0.16.0/simpleclient_guava-0.16.0.jar:/Users/aravind.k/.m2/repository/javax/activation/javax.activation-api/1.2.0/javax.activation-api-1.2.0.jar:/Users/aravind.k/.m2/repository/javax/annotation/javax.annotation-api/1.3.2/javax.annotation-api-1.3.2.jar:/Users/aravind.k/.m2/repository/javax/measure/unit-api/1.0/unit-api-1.0.jar:/Users/aravind.k/.m2/repository/javax/xml/bind/jaxb-api/2.3.1/jaxb-api-2.3.1.jar:/Users/aravind.k/.m2/repository/net/loomchild/segment/2.0.3/segment-2.0.3.jar:/Users/aravind.k/.m2/repository/com/sun/xml/bind/jaxb-core/2.3.0.1/jaxb-core-2.3.0.1.jar:/Users/aravind.k/.m2/repository/com/sun/xml/bind/jaxb-impl/2.3.3/jaxb-impl-2.3.3.jar:/Users/aravind.k/.m2/repository/jakarta/xml/bind/jakarta.xml.bind-api/2.3.3/jakarta.xml.bind-api-2.3.3.jar:/Users/aravind.k/.m2/repository/org/apache/commons/commons-lang3/3.17.0/commons-lang3-3.17.0.jar:/Users/aravind.k/.m2/repository/org/apache/commons/commons-pool2/2.12.0/commons-pool2-2.12.0.jar:/Users/aravind.k/.m2/repository/org/apache/commons/commons-text/1.12.0/commons-text-1.12.0.jar:/Users/aravind.k/.m2/repository/org/apache/lucene/lucene-backward-codecs/5.5.5/lucene-backward-codecs-5.5.5.jar:/Users/aravind.k/.m2/repository/org/apache/lucene/lucene-core/5.5.5/lucene-core-5.5.5.jar:/Users/aravind.k/.m2/repository/org/carrot2/morfologik-fsa/2.1.9/morfologik-fsa-2.1.9.jar:/Users/aravind.k/.m2/repository/org/carrot2/morfologik-fsa-builders/2.1.9/morfologik-fsa-builders-2.1.9.jar:/Users/aravind.k/.m2/repository/org/carrot2/morfologik-speller/2.1.9/morfologik-speller-2.1.9.jar:/Users/aravind.k/.m2/repository/org/carrot2/morfologik-stemming/2.1.9/morfologik-stemming-2.1.9.jar:/Users/aravind.k/.m2/repository/org/glassfish/jaxb/jaxb-runtime/4.0.5/jaxb-runtime-4.0.5.jar:/Users/aravind.k/.m2/repository/org/glassfish/jaxb/jaxb-core/4.0.5/jaxb-core-4.0.5.jar:/Users/aravind.k/.m2/repository/jakarta/activation/jakarta.activation-api/2.1.3/jakarta.activation-api-2.1.3.jar:/Users/aravind.k/.m2/repository/org/eclipse/angus/angus-activation/2.0.2/angus-activation-2.0.2.jar:/Users/aravind.k/.m2/repository/org/glassfish/jaxb/txw2/4.0.5/txw2-4.0.5.jar:/Users/aravind.k/.m2/repository/com/sun/istack/istack-commons-runtime/4.1.2/istack-commons-runtime-4.1.2.jar:/Users/aravind.k/.m2/repository/it/unimi/dsi/fastutil-core/8.5.14/fastutil-core-8.5.14.jar:/Users/aravind.k/.m2/repository/org/json/json/20240303/json-20240303.jar:/Users/aravind.k/.m2/repository/tech/units/indriya/1.3/indriya-1.3.jar:/Users/aravind.k/.m2/repository/tech/uom/lib/uom-lib-common/1.1/uom-lib-common-1.1.jar:/Users/aravind.k/.m2/repository/edu/washington/cs/knowitall/openregex/1.1.1/openregex-1.1.1.jar:/Users/aravind.k/.m2/repository/io/github/java-diff-utils/java-diff-utils/4.12/java-diff-utils-4.12.jar:"/>
    <property name="java.vm.vendor" value="Oracle Corporation"/>
    <property name="sun.arch.data.model" value="64"/>
    <property name="java.vendor.url" value="https://java.oracle.com/"/>
    <property name="user.timezone" value="Asia/Kolkata"/>
    <property name="os.name" value="Mac OS X"/>
    <property name="java.vm.specification.version" value="21"/>
    <property name="sun.java.launcher" value="SUN_STANDARD"/>
    <property name="user.country" value="IN"/>
    <property name="sun.boot.library.path" value="/Library/Java/JavaVirtualMachines/jdk-21.jdk/Contents/Home/lib"/>
    <property name="sun.java.command" value="/Users/aravind.k/Documents/DSA Learing/browserstack_assignment/target/surefire/surefirebooter-20250811163301143_3.jar /Users/aravind.k/Documents/DSA Learing/browserstack_assignment/target/surefire 2025-08-11T16-33-01_087-jvmRun1 surefire-20250811163301143_1tmp surefire_0-20250811163301143_2tmp"/>
    <property name="http.nonProxyHosts" value="local|*.local|169.254/16|*.169.254/16"/>
    <property name="jdk.debug" value="release"/>
    <property name="test" value="runner.TestRunner"/>
    <property name="surefire.test.class.path" value="/Users/aravind.k/Documents/DSA Learing/browserstack_assignment/target/test-classes:/Users/aravind.k/Documents/DSA Learing/browserstack_assignment/target/classes:/Users/aravind.k/.m2/repository/org/seleniumhq/selenium/selenium-java/4.33.0/selenium-java-4.33.0.jar:/Users/aravind.k/.m2/repository/org/seleniumhq/selenium/selenium-api/4.33.0/selenium-api-4.33.0.jar:/Users/aravind.k/.m2/repository/org/jspecify/jspecify/1.0.0/jspecify-1.0.0.jar:/Users/aravind.k/.m2/repository/org/seleniumhq/selenium/selenium-chrome-driver/4.33.0/selenium-chrome-driver-4.33.0.jar:/Users/aravind.k/.m2/repository/com/google/auto/service/auto-service-annotations/1.1.1/auto-service-annotations-1.1.1.jar:/Users/aravind.k/.m2/repository/org/seleniumhq/selenium/selenium-chromium-driver/4.33.0/selenium-chromium-driver-4.33.0.jar:/Users/aravind.k/.m2/repository/org/seleniumhq/selenium/selenium-json/4.33.0/selenium-json-4.33.0.jar:/Users/aravind.k/.m2/repository/org/seleniumhq/selenium/selenium-manager/4.33.0/selenium-manager-4.33.0.jar:/Users/aravind.k/.m2/repository/org/seleniumhq/selenium/selenium-devtools-v135/4.33.0/selenium-devtools-v135-4.33.0.jar:/Users/aravind.k/.m2/repository/org/seleniumhq/selenium/selenium-devtools-v136/4.33.0/selenium-devtools-v136-4.33.0.jar:/Users/aravind.k/.m2/repository/org/seleniumhq/selenium/selenium-devtools-v137/4.33.0/selenium-devtools-v137-4.33.0.jar:/Users/aravind.k/.m2/repository/org/seleniumhq/selenium/selenium-edge-driver/4.33.0/selenium-edge-driver-4.33.0.jar:/Users/aravind.k/.m2/repository/org/seleniumhq/selenium/selenium-firefox-driver/4.33.0/selenium-firefox-driver-4.33.0.jar:/Users/aravind.k/.m2/repository/org/seleniumhq/selenium/selenium-http/4.33.0/selenium-http-4.33.0.jar:/Users/aravind.k/.m2/repository/org/seleniumhq/selenium/selenium-ie-driver/4.33.0/selenium-ie-driver-4.33.0.jar:/Users/aravind.k/.m2/repository/org/seleniumhq/selenium/selenium-remote-driver/4.33.0/selenium-remote-driver-4.33.0.jar:/Users/aravind.k/.m2/repository/io/opentelemetry/opentelemetry-exporter-logging/1.50.0/opentelemetry-exporter-logging-1.50.0.jar:/Users/aravind.k/.m2/repository/io/opentelemetry/opentelemetry-sdk-common/1.50.0/opentelemetry-sdk-common-1.50.0.jar:/Users/aravind.k/.m2/repository/io/opentelemetry/opentelemetry-sdk-extension-autoconfigure-spi/1.50.0/opentelemetry-sdk-extension-autoconfigure-spi-1.50.0.jar:/Users/aravind.k/.m2/repository/io/opentelemetry/opentelemetry-sdk-extension-autoconfigure/1.50.0/opentelemetry-sdk-extension-autoconfigure-1.50.0.jar:/Users/aravind.k/.m2/repository/io/opentelemetry/opentelemetry-sdk-trace/1.50.0/opentelemetry-sdk-trace-1.50.0.jar:/Users/aravind.k/.m2/repository/io/opentelemetry/opentelemetry-sdk/1.50.0/opentelemetry-sdk-1.50.0.jar:/Users/aravind.k/.m2/repository/io/opentelemetry/opentelemetry-sdk-metrics/1.50.0/opentelemetry-sdk-metrics-1.50.0.jar:/Users/aravind.k/.m2/repository/io/opentelemetry/opentelemetry-sdk-logs/1.50.0/opentelemetry-sdk-logs-1.50.0.jar:/Users/aravind.k/.m2/repository/net/bytebuddy/byte-buddy/1.17.5/byte-buddy-1.17.5.jar:/Users/aravind.k/.m2/repository/org/seleniumhq/selenium/selenium-os/4.33.0/selenium-os-4.33.0.jar:/Users/aravind.k/.m2/repository/org/apache/commons/commons-exec/1.4.0/commons-exec-1.4.0.jar:/Users/aravind.k/.m2/repository/org/seleniumhq/selenium/selenium-safari-driver/4.33.0/selenium-safari-driver-4.33.0.jar:/Users/aravind.k/.m2/repository/org/seleniumhq/selenium/selenium-support/4.33.0/selenium-support-4.33.0.jar:/Users/aravind.k/.m2/repository/io/cucumber/cucumber-java/7.23.0/cucumber-java-7.23.0.jar:/Users/aravind.k/.m2/repository/io/cucumber/cucumber-core/7.23.0/cucumber-core-7.23.0.jar:/Users/aravind.k/.m2/repository/io/cucumber/cucumber-gherkin/7.23.0/cucumber-gherkin-7.23.0.jar:/Users/aravind.k/.m2/repository/io/cucumber/cucumber-gherkin-messages/7.23.0/cucumber-gherkin-messages-7.23.0.jar:/Users/aravind.k/.m2/repository/io/cucumber/gherkin/32.1.1/gherkin-32.1.1.jar:/Users/aravind.k/.m2/repository/io/cucumber/messages/27.2.0/messages-27.2.0.jar:/Users/aravind.k/.m2/repository/io/cucumber/testng-xml-formatter/0.3.1/testng-xml-formatter-0.3.1.jar:/Users/aravind.k/.m2/repository/io/cucumber/query/13.5.0/query-13.5.0.jar:/Users/aravind.k/.m2/repository/io/cucumber/tag-expressions/6.1.2/tag-expressions-6.1.2.jar:/Users/aravind.k/.m2/repository/io/cucumber/cucumber-expressions/18.0.1/cucumber-expressions-18.0.1.jar:/Users/aravind.k/.m2/repository/io/cucumber/datatable/7.23.0/datatable-7.23.0.jar:/Users/aravind.k/.m2/repository/io/cucumber/cucumber-plugin/7.23.0/cucumber-plugin-7.23.0.jar:/Users/aravind.k/.m2/repository/io/cucumber/docstring/7.23.0/docstring-7.23.0.jar:/Users/aravind.k/.m2/repository/io/cucumber/html-formatter/21.10.1/html-formatter-21.10.1.jar:/Users/aravind.k/.m2/repository/io/cucumber/junit-xml-formatter/0.7.1/junit-xml-formatter-0.7.1.jar:/Users/aravind.k/.m2/repository/io/cucumber/ci-environment/10.0.1/ci-environment-10.0.1.jar:/Users/aravind.k/.m2/repository/org/apiguardian/apiguardian-api/1.1.2/apiguardian-api-1.1.2.jar:/Users/aravind.k/.m2/repository/io/cucumber/cucumber-testng/7.23.0/cucumber-testng-7.23.0.jar:/Users/aravind.k/.m2/repository/org/testng/testng/7.10.2/testng-7.10.2.jar:/Users/aravind.k/.m2/repository/org/slf4j/slf4j-api/1.7.36/slf4j-api-1.7.36.jar:/Users/aravind.k/.m2/repository/com/beust/jcommander/1.82/jcommander-1.82.jar:/Users/aravind.k/.m2/repository/org/webjars/jquery/3.7.1/jquery-3.7.1.jar:/Users/aravind.k/.m2/repository/ch/qos/logback/logback-classic/1.5.13/logback-classic-1.5.13.jar:/Users/aravind.k/.m2/repository/ch/qos/logback/logback-core/1.5.13/logback-core-1.5.13.jar:/Users/aravind.k/.m2/repository/org/slf4j/slf4j-simple/1.7.36/slf4j-simple-1.7.36.jar:/Users/aravind.k/.m2/repository/org/asynchttpclient/async-http-client/3.0.2/async-http-client-3.0.2.jar:/Users/aravind.k/.m2/repository/io/netty/netty-buffer/4.1.119.Final/netty-buffer-4.1.119.Final.jar:/Users/aravind.k/.m2/repository/io/netty/netty-codec-http/4.1.119.Final/netty-codec-http-4.1.119.Final.jar:/Users/aravind.k/.m2/repository/io/netty/netty-codec/4.1.119.Final/netty-codec-4.1.119.Final.jar:/Users/aravind.k/.m2/repository/io/netty/netty-codec-socks/4.1.119.Final/netty-codec-socks-4.1.119.Final.jar:/Users/aravind.k/.m2/repository/io/netty/netty-handler-proxy/4.1.119.Final/netty-handler-proxy-4.1.119.Final.jar:/Users/aravind.k/.m2/repository/io/netty/netty-common/4.1.119.Final/netty-common-4.1.119.Final.jar:/Users/aravind.k/.m2/repository/io/netty/netty-transport/4.1.119.Final/netty-transport-4.1.119.Final.jar:/Users/aravind.k/.m2/repository/io/netty/netty-resolver/4.1.119.Final/netty-resolver-4.1.119.Final.jar:/Users/aravind.k/.m2/repository/io/netty/netty-handler/4.1.119.Final/netty-handler-4.1.119.Final.jar:/Users/aravind.k/.m2/repository/io/netty/netty-transport-native-unix-common/4.1.119.Final/netty-transport-native-unix-common-4.1.119.Final.jar:/Users/aravind.k/.m2/repository/io/netty/netty-resolver-dns/4.1.119.Final/netty-resolver-dns-4.1.119.Final.jar:/Users/aravind.k/.m2/repository/io/netty/netty-codec-dns/4.1.119.Final/netty-codec-dns-4.1.119.Final.jar:/Users/aravind.k/.m2/repository/com/sun/activation/jakarta.activation/2.0.1/jakarta.activation-2.0.1.jar:/Users/aravind.k/.m2/repository/org/jetbrains/annotations/26.0.2/annotations-26.0.2.jar:/Users/aravind.k/.m2/repository/io/opentelemetry/opentelemetry-api/1.50.0/opentelemetry-api-1.50.0.jar:/Users/aravind.k/.m2/repository/io/opentelemetry/opentelemetry-context/1.50.0/opentelemetry-context-1.50.0.jar:/Users/aravind.k/.m2/repository/io/opentelemetry/semconv/opentelemetry-semconv/1.34.0/opentelemetry-semconv-1.34.0.jar:/Users/aravind.k/.m2/repository/org/languagetool/languagetool-core/6.6/languagetool-core-6.6.jar:/Users/aravind.k/.m2/repository/com/carrotsearch/hppc/0.8.2/hppc-0.8.2.jar:/Users/aravind.k/.m2/repository/com/fasterxml/jackson/core/jackson-databind/2.18.0/jackson-databind-2.18.0.jar:/Users/aravind.k/.m2/repository/com/fasterxml/jackson/core/jackson-annotations/2.18.0/jackson-annotations-2.18.0.jar:/Users/aravind.k/.m2/repository/com/fasterxml/jackson/core/jackson-core/2.18.0/jackson-core-2.18.0.jar:/Users/aravind.k/.m2/repository/com/gitlab/dumonts/hunspell/2.1.2/hunspell-2.1.2.jar:/Users/aravind.k/.m2/repository/net/java/dev/jna/jna-platform/5.12.1/jna-platform-5.12.1.jar:/Users/aravind.k/.m2/repository/net/java/dev/jna/jna/5.12.1/jna-5.12.1.jar:/Users/aravind.k/.m2/repository/com/google/guava/guava/33.3.1-jre/guava-33.3.1-jre.jar:/Users/aravind.k/.m2/repository/com/google/guava/failureaccess/1.0.2/failureaccess-1.0.2.jar:/Users/aravind.k/.m2/repository/com/google/guava/listenablefuture/9999.0-empty-to-avoid-conflict-with-guava/listenablefuture-9999.0-empty-to-avoid-conflict-with-guava.jar:/Users/aravind.k/.m2/repository/com/google/code/findbugs/jsr305/3.0.2/jsr305-3.0.2.jar:/Users/aravind.k/.m2/repository/org/checkerframework/checker-qual/3.43.0/checker-qual-3.43.0.jar:/Users/aravind.k/.m2/repository/com/google/errorprone/error_prone_annotations/2.28.0/error_prone_annotations-2.28.0.jar:/Users/aravind.k/.m2/repository/com/google/j2objc/j2objc-annotations/3.0.0/j2objc-annotations-3.0.0.jar:/Users/aravind.k/.m2/repository/com/google/protobuf/protobuf-java/3.25.5/protobuf-java-3.25.5.jar:/Users/aravind.k/.m2/repository/com/hankcs/aho-corasick-double-array-trie/1.2.2/aho-corasick-double-array-trie-1.2.2.jar:/Users/aravind.k/.m2/repository/com/optimaize/languagedetector/language-detector/0.6/language-detector-0.6.jar:/Users/aravind.k/.m2/repository/net/arnx/jsonic/1.2.11/jsonic-1.2.11.jar:/Users/aravind.k/.m2/repository/com/intellij/annotations/12.0/annotations-12.0.jar:/Users/aravind.k/.m2/repository/commons-logging/commons-logging/1.3.4/commons-logging-1.3.4.jar:/Users/aravind.k/.m2/repository/commons-validator/commons-validator/1.9.0/commons-validator-1.9.0.jar:/Users/aravind.k/.m2/repository/commons-digester/commons-digester/2.1/commons-digester-2.1.jar:/Users/aravind.k/.m2/repository/io/github/resilience4j/resilience4j-circuitbreaker/1.7.1/resilience4j-circuitbreaker-1.7.1.jar:/Users/aravind.k/.m2/repository/io/vavr/vavr/0.10.2/vavr-0.10.2.jar:/Users/aravind.k/.m2/repository/io/vavr/vavr-match/0.10.2/vavr-match-0.10.2.jar:/Users/aravind.k/.m2/repository/io/github/resilience4j/resilience4j-core/1.7.1/resilience4j-core-1.7.1.jar:/Users/aravind.k/.m2/repository/io/github/resilience4j/resilience4j-micrometer/1.7.1/resilience4j-micrometer-1.7.1.jar:/Users/aravind.k/.m2/repository/io/opentelemetry/opentelemetry-semconv/1.30.1-alpha/opentelemetry-semconv-1.30.1-alpha.jar:/Users/aravind.k/.m2/repository/io/grpc/grpc-netty-shaded/1.68.0/grpc-netty-shaded-1.68.0.jar:/Users/aravind.k/.m2/repository/io/grpc/grpc-util/1.68.0/grpc-util-1.68.0.jar:/Users/aravind.k/.m2/repository/io/grpc/grpc-core/1.68.0/grpc-core-1.68.0.jar:/Users/aravind.k/.m2/repository/com/google/code/gson/gson/2.11.0/gson-2.11.0.jar:/Users/aravind.k/.m2/repository/com/google/android/annotations/4.1.1.4/annotations-4.1.1.4.jar:/Users/aravind.k/.m2/repository/io/grpc/grpc-context/1.68.0/grpc-context-1.68.0.jar:/Users/aravind.k/.m2/repository/io/perfmark/perfmark-api/0.27.0/perfmark-api-0.27.0.jar:/Users/aravind.k/.m2/repository/io/grpc/grpc-api/1.68.0/grpc-api-1.68.0.jar:/Users/aravind.k/.m2/repository/io/grpc/grpc-protobuf/1.68.0/grpc-protobuf-1.68.0.jar:/Users/aravind.k/.m2/repository/com/google/api/grpc/proto-google-common-protos/2.41.0/proto-google-common-protos-2.41.0.jar:/Users/aravind.k/.m2/repository/io/grpc/grpc-protobuf-lite/1.68.0/grpc-protobuf-lite-1.68.0.jar:/Users/aravind.k/.m2/repository/io/grpc/grpc-stub/1.68.0/grpc-stub-1.68.0.jar:/Users/aravind.k/.m2/repository/io/micrometer/micrometer-registry-prometheus/1.7.12/micrometer-registry-prometheus-1.7.12.jar:/Users/aravind.k/.m2/repository/io/micrometer/micrometer-core/1.7.12/micrometer-core-1.7.12.jar:/Users/aravind.k/.m2/repository/org/hdrhistogram/HdrHistogram/2.1.12/HdrHistogram-2.1.12.jar:/Users/aravind.k/.m2/repository/org/latencyutils/LatencyUtils/2.0.3/LatencyUtils-2.0.3.jar:/Users/aravind.k/.m2/repository/io/prometheus/simpleclient_common/0.10.0/simpleclient_common-0.10.0.jar:/Users/aravind.k/.m2/repository/io/prometheus/simpleclient/0.16.0/simpleclient-0.16.0.jar:/Users/aravind.k/.m2/repository/io/prometheus/simpleclient_tracer_otel/0.16.0/simpleclient_tracer_otel-0.16.0.jar:/Users/aravind.k/.m2/repository/io/prometheus/simpleclient_tracer_common/0.16.0/simpleclient_tracer_common-0.16.0.jar:/Users/aravind.k/.m2/repository/io/prometheus/simpleclient_tracer_otel_agent/0.16.0/simpleclient_tracer_otel_agent-0.16.0.jar:/Users/aravind.k/.m2/repository/io/prometheus/simpleclient_guava/0.16.0/simpleclient_guava-0.16.0.jar:/Users/aravind.k/.m2/repository/javax/activation/javax.activation-api/1.2.0/javax.activation-api-1.2.0.jar:/Users/aravind.k/.m2/repository/javax/annotation/javax.annotation-api/1.3.2/javax.annotation-api-1.3.2.jar:/Users/aravind.k/.m2/repository/javax/measure/unit-api/1.0/unit-api-1.0.jar:/Users/aravind.k/.m2/repository/javax/xml/bind/jaxb-api/2.3.1/jaxb-api-2.3.1.jar:/Users/aravind.k/.m2/repository/net/loomchild/segment/2.0.3/segment-2.0.3.jar:/Users/aravind.k/.m2/repository/com/sun/xml/bind/jaxb-core/2.3.0.1/jaxb-core-2.3.0.1.jar:/Users/aravind.k/.m2/repository/com/sun/xml/bind/jaxb-impl/2.3.3/jaxb-impl-2.3.3.jar:/Users/aravind.k/.m2/repository/jakarta/xml/bind/jakarta.xml.bind-api/2.3.3/jakarta.xml.bind-api-2.3.3.jar:/Users/aravind.k/.m2/repository/org/apache/commons/commons-lang3/3.17.0/commons-lang3-3.17.0.jar:/Users/aravind.k/.m2/repository/org/apache/commons/commons-pool2/2.12.0/commons-pool2-2.12.0.jar:/Users/aravind.k/.m2/repository/org/apache/commons/commons-text/1.12.0/commons-text-1.12.0.jar:/Users/aravind.k/.m2/repository/org/apache/lucene/lucene-backward-codecs/5.5.5/lucene-backward-codecs-5.5.5.jar:/Users/aravind.k/.m2/repository/org/apache/lucene/lucene-core/5.5.5/lucene-core-5.5.5.jar:/Users/aravind.k/.m2/repository/org/carrot2/morfologik-fsa/2.1.9/morfologik-fsa-2.1.9.jar:/Users/aravind.k/.m2/repository/org/carrot2/morfologik-fsa-builders/2.1.9/morfologik-fsa-builders-2.1.9.jar:/Users/aravind.k/.m2/repository/org/carrot2/morfologik-speller/2.1.9/morfologik-speller-2.1.9.jar:/Users/aravind.k/.m2/repository/org/carrot2/morfologik-stemming/2.1.9/morfologik-stemming-2.1.9.jar:/Users/aravind.k/.m2/repository/org/glassfish/jaxb/jaxb-runtime/4.0.5/jaxb-runtime-4.0.5.jar:/Users/aravind.k/.m2/repository/org/glassfish/jaxb/jaxb-core/4.0.5/jaxb-core-4.0.5.jar:/Users/aravind.k/.m2/repository/jakarta/activation/jakarta.activation-api/2.1.3/jakarta.activation-api-2.1.3.jar:/Users/aravind.k/.m2/repository/org/eclipse/angus/angus-activation/2.0.2/angus-activation-2.0.2.jar:/Users/aravind.k/.m2/repository/org/glassfish/jaxb/txw2/4.0.5/txw2-4.0.5.jar:/Users/aravind.k/.m2/repository/com/sun/istack/istack-commons-runtime/4.1.2/istack-commons-runtime-4.1.2.jar:/Users/aravind.k/.m2/repository/it/unimi/dsi/fastutil-core/8.5.14/fastutil-core-8.5.14.jar:/Users/aravind.k/.m2/repository/org/json/json/20240303/json-20240303.jar:/Users/aravind.k/.m2/repository/tech/units/indriya/1.3/indriya-1.3.jar:/Users/aravind.k/.m2/repository/tech/uom/lib/uom-lib-common/1.1/uom-lib-common-1.1.jar:/Users/aravind.k/.m2/repository/edu/washington/cs/knowitall/openregex/1.1.1/openregex-1.1.1.jar:/Users/aravind.k/.m2/repository/io/github/java-diff-utils/java-diff-utils/4.12/java-diff-utils-4.12.jar:"/>
    <property name="sun.cpu.endian" value="little"/>
    <property name="user.home" value="/Users/aravind.k"/>
    <property name="user.language" value="en"/>
    <property name="java.specification.vendor" value="Oracle Corporation"/>
    <property name="java.version.date" value="2024-07-16"/>
    <property name="java.home" value="/Library/Java/JavaVirtualMachines/jdk-21.jdk/Contents/Home"/>
    <property name="file.separator" value="/"/>
    <property name="basedir" value="/Users/aravind.k/Documents/DSA Learing/browserstack_assignment"/>
    <property name="java.vm.compressedOopsMode" value="Zero based"/>
    <property name="line.separator" value="&#10;"/>
    <property name="java.vm.specification.vendor" value="Oracle Corporation"/>
    <property name="java.specification.name" value="Java Platform API Specification"/>
    <property name="apple.awt.application.name" value="ForkedBooter"/>
    <property name="surefire.real.class.path" value="/Users/aravind.k/Documents/DSA Learing/browserstack_assignment/target/surefire/surefirebooter-20250811163301143_3.jar"/>
    <property name="sun.management.compiler" value="HotSpot 64-Bit Tiered Compilers"/>
    <property name="ftp.nonProxyHosts" value="local|*.local|169.254/16|*.169.254/16"/>
    <property name="java.runtime.version" value="21.0.4+8-LTS-274"/>
    <property name="user.name" value="aravind.k"/>
    <property name="stdout.encoding" value="UTF-8"/>
    <property name="path.separator" value=":"/>
    <property name="os.version" value="15.6"/>
    <property name="java.runtime.name" value="Java(TM) SE Runtime Environment"/>
    <property name="file.encoding" value="UTF-8"/>
    <property name="java.vm.name" value="Java HotSpot(TM) 64-Bit Server VM"/>
    <property name="localRepository" value="/Users/aravind.k/.m2/repository"/>
    <property name="java.vendor.url.bug" value="https://bugreport.java.com/bugreport/"/>
    <property name="java.io.tmpdir" value="/var/folders/h5/h155y4w15s55bjj4l8kd3sbw0000gp/T/"/>
    <property name="java.version" value="21.0.4"/>
    <property name="user.dir" value="/Users/aravind.k/Documents/DSA Learing/browserstack_assignment"/>
    <property name="os.arch" value="aarch64"/>
    <property name="java.vm.specification.name" value="Java Virtual Machine Specification"/>
    <property name="native.encoding" value="UTF-8"/>
    <property name="java.library.path" value="/Users/aravind.k/Library/Java/Extensions:/Library/Java/Extensions:/Network/Library/Java/Extensions:/System/Library/Java/Extensions:/usr/lib/java:."/>
    <property name="java.vm.info" value="mixed mode, sharing"/>
    <property name="stderr.encoding" value="UTF-8"/>
    <property name="java.vendor" value="Oracle Corporation"/>
    <property name="java.vm.version" value="21.0.4+8-LTS-274"/>
    <property name="sun.io.unicode.encoding" value="UnicodeBig"/>
    <property name="socksNonProxyHosts" value="local|*.local|169.254/16|*.169.254/16"/>
    <property name="java.class.version" value="65.0"/>
  </properties>
  <testcase name="runScenario[&quot;Fetch and process articles&quot;, &quot;Scrape and translate El Pais Opinion section&quot;](1)" classname="runner.TestRunner" time="31.483">
    <system-out><![CDATA[
Scenario: Fetch and process articles                                         # src/test/resources/features/Elpais.feature:3
  Given I navigate to the El Pais Opinion section                            # steps.ElPaisSteps.iNavigateToTheElPaisOpinionSection()
  And Ensure that whole text is in Spanish                                   # steps.ElPaisSteps.ensureWholeTextIsInSpanish()
  And I navigate to the Opinion section                                      # steps.ElPaisSteps.i_navigate_to_the_opinion_section()
  When I fetch the first five articles                                       # steps.ElPaisSteps.iFetchTheFirstFiveArticles()
Título: El suicidio de la ciencia en EE UU
Contenido: Las agencias científicas más potentes del mundo están siendo desmanteladas por un Gobierno ignorante y fanatizado
-------------------------
Título: Petro, en la recta final
Contenido: Las agencias científicas más potentes del mundo están siendo desmanteladas por un Gobierno ignorante y fanatizado
-------------------------
Título: Cinismo para la libertad de medios
Contenido: Las agencias científicas más potentes del mundo están siendo desmanteladas por un Gobierno ignorante y fanatizado
-------------------------
Título: ‘Locus horridus’: el sentido de la banalidad del mal en Gaza
Contenido: Las agencias científicas más potentes del mundo están siendo desmanteladas por un Gobierno ignorante y fanatizado
-------------------------
Título: Momentos de Verano (II)
Contenido: Las agencias científicas más potentes del mundo están siendo desmanteladas por un Gobierno ignorante y fanatizado
-------------------------
  Then I print titles and contents in Spanish                                # steps.ElPaisSteps.printStoredArticlesInSpanish()
  And I download cover images if available                                   # steps.ElPaisSteps.downloadCoverImagesIfAvailable()
DEBUG Translation API raw response: {"trans":{"text":"The suicide of science in the US"}}
Original Title in Spanish: El suicidio de la ciencia en EE UU
Translated Title in English: The suicide of science in the US
-------------------------
DEBUG Translation API raw response: {"trans":{"text":"Petro, in the final stretch"}}
Original Title in Spanish: Petro, en la recta final
Translated Title in English: Petro, in the final stretch
-------------------------
DEBUG Translation API raw response: {"trans":{"text":"Cinism for the freedom of media"}}
Original Title in Spanish: Cinismo para la libertad de medios
Translated Title in English: Cinism for the freedom of media
-------------------------
DEBUG Translation API raw response: {"trans":{"text":"‘Locus horridus’: the meaning of the banality of evil in Gaza"}}
Original Title in Spanish: ‘Locus horridus’: el sentido de la banalidad del mal en Gaza
Translated Title in English: ‘Locus horridus’: the meaning of the banality of evil in Gaza
-------------------------
DEBUG Translation API raw response: {"trans":{"text":"Summer moments (II)"}}
Original Title in Spanish: Momentos de Verano (II)
Translated Title in English: Summer moments (II)
-------------------------
  And I translate and print the titles of the first five articles in english # steps.ElPaisSteps.translateTitlesToEnglish()
Words repeated more than twice:
in: 3 times repeated
the: 6 times repeated
of: 4 times repeated
  And I analyze translated headers for repeated words and print them         # steps.ElPaisSteps.iAnalyzeTranslatedHeadersForRepeatedWordsAndPrintThem()
]]></system-out>
    <system-err><![CDATA[[main] INFO hooks.Hooks - Deleted old image: article_5.jpg
[main] INFO hooks.Hooks - Deleted old image: article_4.jpg
Aug 11, 2025 4:33:03 PM org.openqa.selenium.devtools.CdpVersionFinder findNearestMatch
WARNING: Unable to find an exact match for CDP version 138, returning the closest version; found: 137; Please update to a Selenium version that supports CDP version 138
[main] INFO hooks.Hooks - Running tests locally on Chrome with temporary profile
[main] INFO hooks.Hooks - 'Aceptar' button clicked successfully.
[main] INFO hooks.Hooks - No consent wall present or already accepted.
[main] INFO hooks.Hooks - Navigated to Opinion section.
[main] INFO hooks.Hooks - No image found for article 1
[main] INFO hooks.Hooks - No image found for article 2
[main] INFO hooks.Hooks - No image found for article 3
[main] INFO hooks.Hooks - Image saved: article_4.jpg
[main] INFO hooks.Hooks - Image saved: article_5.jpg
[main] INFO hooks.Hooks - Browser session ended
]]></system-err>
  </testcase>
</testsuite>